Running Gradle task 'assembleRelease'...                        
lib/features/social/presentation/screens/battle/battle_arena_screen.dart:179:30: Error: Cannot invoke a non-'const' constructor where a const expression is expected.
Try using a constructor or factory that is 'const'.
                  fontStyle: TeXViewFontStyle(fontSize: 20),
                             ^^^^^^^^^^^^^^^^
lib/features/social/data/repositories/battle_repository.dart:116:25: Error: The getter 'correctAnswerIndex' isn't defined for the type 'QuizQuestion'.
 - 'QuizQuestion' is from 'package:study_companion/features/learning/data/models/quiz_question.dart' ('lib/features/learning/data/models/quiz_question.dart').
Try correcting the name to the name of an existing getter, or defining a getter or field named 'correctAnswerIndex'.
        correctIndex: q.correctAnswerIndex,
                        ^^^^^^^^^^^^^^^^^^
Target kernel_snapshot_program failed: Exception


FAILURE: Build failed with an exception.

* What went wrong:
Execution failed for task ':app:compileFlutterBuildRelease'.
> Process 'command '/Users/md.rofazhasanrafiu/AndroidStudioProjects/flutter/bin/flutter'' finished with non-zero exit value 1

* Try:
> Run with --stacktrace option to get the stack trace.
> Run with --info or --debug option to get more log output.
> Run with --scan to get full insights.
> Get more help at https://help.gradle.org.

BUILD FAILED in 8s
Running Gradle task 'assembleRelease'...                            8.1s
Gradle task assembleRelease failed with exit code 1
