Running Gradle task 'assembleRelease'...                        
lib/features/social/data/repositories/social_repository.dart:158:10: Error: The method 'snapshots' isn't defined for the type 'Stream<QuerySnapshot<Map<String, dynamic>>>'.
 - 'Stream' is from 'dart:async'.
 - 'QuerySnapshot' is from 'package:cloud_firestore/cloud_firestore.dart' ('../../.pub-cache/hosted/pub.dev/cloud_firestore-5.6.12/lib/cloud_firestore.dart').
 - 'Map' is from 'dart:core'.
Try correcting the name to the name of an existing method, or defining a method named 'snapshots'.
        .snapshots()
         ^^^^^^^^^
Target kernel_snapshot_program failed: Exception


FAILURE: Build failed with an exception.

* What went wrong:
Execution failed for task ':app:compileFlutterBuildRelease'.
> Process 'command '/Users/md.rofazhasanrafiu/AndroidStudioProjects/flutter/bin/flutter'' finished with non-zero exit value 1

* Try:
> Run with --stacktrace option to get the stack trace.
> Run with --info or --debug option to get more log output.
> Run with --scan to get full insights.
> Get more help at https://help.gradle.org.

BUILD FAILED in 7s
Running Gradle task 'assembleRelease'...                            8.0s
Gradle task assembleRelease failed with exit code 1
